This file contains any messages produced by compilers while
running configure, to aid debugging if configure makes a mistake.

It was created by lis configure 2.1.10, which was
generated by GNU Autoconf 2.72.  Invocation command line was

  $ ./configure --enable-mpi

## --------- ##
## Platform. ##
## --------- ##

hostname = 2184f44eecf9
uname -m = x86_64
uname -r = 6.10.14-linuxkit
uname -s = Linux
uname -v = #1 SMP Wed Sep 10 06:47:45 UTC 2025

/usr/bin/uname -p = x86_64
/bin/uname -X     = unknown

/bin/arch              = x86_64
/usr/bin/arch -k       = unknown
/usr/convex/getsysinfo = unknown
/usr/bin/hostinfo      = unknown
/bin/machine           = unknown
/usr/bin/oslevel       = unknown
/bin/universe          = unknown

PATH: /usr/local/sbin/
PATH: /usr/local/bin/
PATH: /usr/sbin/
PATH: /usr/bin/
PATH: /sbin/
PATH: /bin/


## ----------- ##
## Core tests. ##
## ----------- ##

configure:3008: looking for aux files: ltmain.sh missing install-sh config.guess config.sub
configure:3021:  trying ./config/
configure:3050:   ./config/ltmain.sh found
configure:3050:   ./config/missing found
configure:3032:   ./config/install-sh found
configure:3050:   ./config/config.guess found
configure:3050:   ./config/config.sub found
configure:3173: checking build system type
configure:3189: result: x86_64-unknown-linux-gnu
configure:3209: checking host system type
configure:3224: result: x86_64-unknown-linux-gnu
configure:3244: checking target system type
configure:3259: result: x86_64-unknown-linux-gnu
configure:3302: checking for a BSD-compatible install
configure:3376: result: /usr/bin/install -c
configure:3387: checking whether build environment is sane
configure:3437: result: yes
configure:3592: checking for a race-free mkdir -p
configure:3635: result: /usr/bin/mkdir -p
configure:3648: checking for gawk
configure:3684: result: no
configure:3648: checking for mawk
configure:3669: found /usr/bin/mawk
configure:3681: result: mawk
configure:3692: checking whether make sets $(MAKE)
configure:3716: result: yes
configure:3796: checking whether to enable maintainer-specific portions of Makefiles
configure:3807: result: no
configure:3931: checking for a library suffix to use
configure:4416: checking for icc
configure:4452: result: no
configure:4416: checking for icx
configure:4452: result: no
configure:4416: checking for ecc
configure:4452: result: no
configure:4416: checking for xlc_r
configure:4452: result: no
configure:4416: checking for xlc
configure:4452: result: no
configure:4416: checking for fcc
configure:4452: result: no
configure:4416: checking for pgcc
configure:4452: result: no
configure:4416: checking for pathcc
configure:4452: result: no
configure:4416: checking for cc
configure:4437: found /usr/bin/cc
configure:4449: result: cc
configure:4480: checking for C compiler version
configure:4489: cc --version >&5
cc (Ubuntu 13.3.0-6ubuntu2~24.04) 13.3.0
Copyright (C) 2023 Free Software Foundation, Inc.
This is free software; see the source for copying conditions.  There is NO
warranty; not even for MERCHANTABILITY or FITNESS FOR A PARTICULAR PURPOSE.

configure:4500: $? = 0
configure:4489: cc -v >&5
Using built-in specs.
COLLECT_GCC=cc
COLLECT_LTO_WRAPPER=/usr/libexec/gcc/x86_64-linux-gnu/13/lto-wrapper
OFFLOAD_TARGET_NAMES=nvptx-none:amdgcn-amdhsa
OFFLOAD_TARGET_DEFAULT=1
Target: x86_64-linux-gnu
Configured with: ../src/configure -v --with-pkgversion='Ubuntu 13.3.0-6ubuntu2~24.04' --with-bugurl=file:///usr/share/doc/gcc-13/README.Bugs --enable-languages=c,ada,c++,go,d,fortran,objc,obj-c++,m2 --prefix=/usr --with-gcc-major-version-only --program-suffix=-13 --program-prefix=x86_64-linux-gnu- --enable-shared --enable-linker-build-id --libexecdir=/usr/libexec --without-included-gettext --enable-threads=posix --libdir=/usr/lib --enable-nls --enable-bootstrap --enable-clocale=gnu --enable-libstdcxx-debug --enable-libstdcxx-time=yes --with-default-libstdcxx-abi=new --enable-libstdcxx-backtrace --enable-gnu-unique-object --disable-vtable-verify --enable-plugin --enable-default-pie --with-system-zlib --enable-libphobos-checking=release --with-target-system-zlib=auto --enable-objc-gc=auto --enable-multiarch --disable-werror --enable-cet --with-arch-32=i686 --with-abi=m64 --with-multilib-list=m32,m64,mx32 --enable-multilib --with-tune=generic --enable-offload-targets=nvptx-none=/build/gcc-13-fG75Ri/gcc-13-13.3.0/debian/tmp-nvptx/usr,amdgcn-amdhsa=/build/gcc-13-fG75Ri/gcc-13-13.3.0/debian/tmp-gcn/usr --enable-offload-defaulted --without-cuda-driver --enable-checking=release --build=x86_64-linux-gnu --host=x86_64-linux-gnu --target=x86_64-linux-gnu --with-build-config=bootstrap-lto-lean --enable-link-serialization=2
Thread model: posix
Supported LTO compression algorithms: zlib zstd
gcc version 13.3.0 (Ubuntu 13.3.0-6ubuntu2~24.04) 
... rest of stderr output deleted ...
configure:4500: $? = 0
configure:4489: cc -V >&5
cc: error: unrecognized command-line option '-V'
cc: fatal error: no input files
compilation terminated.
configure:4500: $? = 1
configure:4489: cc -qversion >&5
cc: error: unrecognized command-line option '-qversion'; did you mean '--version'?
cc: fatal error: no input files
compilation terminated.
configure:4500: $? = 1
configure:4489: cc -version >&5
cc: error: unrecognized command-line option '-version'
cc: fatal error: no input files
compilation terminated.
configure:4500: $? = 1
configure:4520: checking whether the C compiler works
configure:4542: cc    conftest.c  >&5
configure:4546: $? = 0
configure:4597: result: yes
configure:4601: checking for C compiler default output file name
configure:4603: result: a.out
configure:4609: checking for suffix of executables
configure:4616: cc -o conftest    conftest.c  >&5
configure:4620: $? = 0
configure:4644: result: 
configure:4668: checking whether we are cross compiling
configure:4676: cc -o conftest    conftest.c  >&5
configure:4680: $? = 0
configure:4687: ./conftest
configure:4691: $? = 0
configure:4706: result: no
configure:4712: checking for suffix of object files
configure:4735: cc -c   conftest.c >&5
configure:4739: $? = 0
configure:4763: result: o
configure:4767: checking whether the compiler supports GNU C
configure:4787: cc -c   conftest.c >&5
configure:4787: $? = 0
configure:4799: result: yes
configure:4810: checking whether cc accepts -g
configure:4831: cc -c -g  conftest.c >&5
configure:4831: $? = 0
configure:4878: result: yes
configure:4898: checking for cc option to enable C11 features
configure:4913: cc  -c -g -O2  conftest.c >&5
configure:4913: $? = 0
configure:4932: result: none needed
configure:5061: checking for style of include used by make
configure:5089: result: GNU
configure:5116: checking dependency style of cc
configure:5229: result: none
configure:5262: checking for mpicc
configure:5283: found /usr/bin/mpicc
configure:5295: result: mpicc
configure:5311: checking for MPI_Init
configure:5311: mpicc -o conftest    conftest.c  >&5
configure:5311: $? = 0
configure:5311: result: yes
configure:5419: checking for mpi.h
configure:5432: mpicc -c   conftest.c >&5
configure:5432: $? = 0
configure:5434: result: yes
configure:5468: mpicc -c   conftest.c >&5
conftest.c: In function 'main':
conftest.c:17:15: error: 'thisisanerror' undeclared (first use in this function)
   17 |               thisisanerror;
      |               ^~~~~~~~~~~~~
conftest.c:17:15: note: each undeclared identifier is reported only once for each function it appears in
configure:5468: $? = 1
configure: failed program was:
| /* confdefs.h */
| #define PACKAGE_NAME "lis"
| #define PACKAGE_TARNAME "lis"
| #define PACKAGE_VERSION "2.1.10"
| #define PACKAGE_STRING "lis 2.1.10"
| #define PACKAGE_BUGREPORT "devel@ssisc.org"
| #define PACKAGE_URL ""
| #define PACKAGE "lis"
| #define VERSION "2.1.10"
| /* end confdefs.h.  */
| 
| int
| main (void)
| {
| 
| 	#if !(defined(__ICC) || defined(__ICX) || defined(__ECC) || defined(__INTEL_COMPILER))
| 	      thisisanerror;
| 	#endif
| 
|   ;
|   return 0;
| }
configure:5468: mpicc -c   conftest.c >&5
conftest.c: In function 'main':
conftest.c:17:15: error: 'thisisanerror' undeclared (first use in this function)
   17 |               thisisanerror;
      |               ^~~~~~~~~~~~~
conftest.c:17:15: note: each undeclared identifier is reported only once for each function it appears in
configure:5468: $? = 1
configure: failed program was:
| /* confdefs.h */
| #define PACKAGE_NAME "lis"
| #define PACKAGE_TARNAME "lis"
| #define PACKAGE_VERSION "2.1.10"
| #define PACKAGE_STRING "lis 2.1.10"
| #define PACKAGE_BUGREPORT "devel@ssisc.org"
| #define PACKAGE_URL ""
| #define PACKAGE "lis"
| #define VERSION "2.1.10"
| /* end confdefs.h.  */
| 
| int
| main (void)
| {
| 
| 	#if !(defined(__xlc__) || defined(__xlC__) || defined(__IBMC__) || defined(__IBMCPP__))
| 	      thisisanerror;
| 	#endif
| 
|   ;
|   return 0;
| }
configure:5468: mpicc -c   conftest.c >&5
configure:5468: $? = 0
configure:5474: checking for C compiler vendor
configure:5476: result: gnu
configure:5504: checking how to get verbose linking output from C
configure:5521: mpicc -c -O3 -fomit-frame-pointer   conftest.c >&5
configure:5521: $? = 0
configure:5544: mpicc -o conftest -O3 -fomit-frame-pointer  -v   conftest.c  >&5
Using built-in specs.
COLLECT_GCC=/usr/bin/gcc
COLLECT_LTO_WRAPPER=/usr/libexec/gcc/x86_64-linux-gnu/13/lto-wrapper
OFFLOAD_TARGET_NAMES=nvptx-none:amdgcn-amdhsa
OFFLOAD_TARGET_DEFAULT=1
Target: x86_64-linux-gnu
Configured with: ../src/configure -v --with-pkgversion='Ubuntu 13.3.0-6ubuntu2~24.04' --with-bugurl=file:///usr/share/doc/gcc-13/README.Bugs --enable-languages=c,ada,c++,go,d,fortran,objc,obj-c++,m2 --prefix=/usr --with-gcc-major-version-only --program-suffix=-13 --program-prefix=x86_64-linux-gnu- --enable-shared --enable-linker-build-id --libexecdir=/usr/libexec --without-included-gettext --enable-threads=posix --libdir=/usr/lib --enable-nls --enable-bootstrap --enable-clocale=gnu --enable-libstdcxx-debug --enable-libstdcxx-time=yes --with-default-libstdcxx-abi=new --enable-libstdcxx-backtrace --enable-gnu-unique-object --disable-vtable-verify --enable-plugin --enable-default-pie --with-system-zlib --enable-libphobos-checking=release --with-target-system-zlib=auto --enable-objc-gc=auto --enable-multiarch --disable-werror --enable-cet --with-arch-32=i686 --with-abi=m64 --with-multilib-list=m32,m64,mx32 --enable-multilib --with-tune=generic --enable-offload-targets=nvptx-none=/build/gcc-13-fG75Ri/gcc-13-13.3.0/debian/tmp-nvptx/usr,amdgcn-amdhsa=/build/gcc-13-fG75Ri/gcc-13-13.3.0/debian/tmp-gcn/usr --enable-offload-defaulted --without-cuda-driver --enable-checking=release --build=x86_64-linux-gnu --host=x86_64-linux-gnu --target=x86_64-linux-gnu --with-build-config=bootstrap-lto-lean --enable-link-serialization=2
Thread model: posix
Supported LTO compression algorithms: zlib zstd
gcc version 13.3.0 (Ubuntu 13.3.0-6ubuntu2~24.04) 
COLLECT_GCC_OPTIONS='-o' 'conftest' '-O3' '-fomit-frame-pointer' '-v' '-I' '/usr/lib/x86_64-linux-gnu/openmpi/include' '-I' '/usr/lib/x86_64-linux-gnu/openmpi/include/openmpi' '-L/usr/lib/x86_64-linux-gnu/openmpi/lib' '-mtune=generic' '-march=x86-64'
 /usr/libexec/gcc/x86_64-linux-gnu/13/cc1 -quiet -v -I /usr/lib/x86_64-linux-gnu/openmpi/include -I /usr/lib/x86_64-linux-gnu/openmpi/include/openmpi -imultiarch x86_64-linux-gnu conftest.c -D_FORTIFY_SOURCE=3 -quiet -dumpbase conftest.c -dumpbase-ext .c -mtune=generic -march=x86-64 -O3 -version -fomit-frame-pointer -fasynchronous-unwind-tables -fstack-protector-strong -Wformat -Wformat-security -fstack-clash-protection -fcf-protection -o /tmp/cc9nnN12.s
GNU C17 (Ubuntu 13.3.0-6ubuntu2~24.04) version 13.3.0 (x86_64-linux-gnu)
	compiled by GNU C version 13.3.0, GMP version 6.3.0, MPFR version 4.2.1, MPC version 1.3.1, isl version isl-0.26-GMP

GGC heuristics: --param ggc-min-expand=100 --param ggc-min-heapsize=131072
ignoring nonexistent directory "/usr/local/include/x86_64-linux-gnu"
ignoring nonexistent directory "/usr/lib/gcc/x86_64-linux-gnu/13/include-fixed/x86_64-linux-gnu"
ignoring nonexistent directory "/usr/lib/gcc/x86_64-linux-gnu/13/include-fixed"
ignoring nonexistent directory "/usr/lib/gcc/x86_64-linux-gnu/13/../../../../x86_64-linux-gnu/include"
#include "..." search starts here:
#include <...> search starts here:
 /usr/lib/x86_64-linux-gnu/openmpi/include
 /usr/lib/x86_64-linux-gnu/openmpi/include/openmpi
 /usr/lib/gcc/x86_64-linux-gnu/13/include
 /usr/local/include
 /usr/include/x86_64-linux-gnu
 /usr/include
End of search list.
Compiler executable checksum: 38987c28e967c64056a6454abdef726e
COLLECT_GCC_OPTIONS='-o' 'conftest' '-O3' '-fomit-frame-pointer' '-v' '-I' '/usr/lib/x86_64-linux-gnu/openmpi/include' '-I' '/usr/lib/x86_64-linux-gnu/openmpi/include/openmpi' '-L/usr/lib/x86_64-linux-gnu/openmpi/lib' '-mtune=generic' '-march=x86-64'
 as -v -I /usr/lib/x86_64-linux-gnu/openmpi/include -I /usr/lib/x86_64-linux-gnu/openmpi/include/openmpi --64 -o /tmp/ccKJ6Pgj.o /tmp/cc9nnN12.s
GNU assembler version 2.42 (x86_64-linux-gnu) using BFD version (GNU Binutils for Ubuntu) 2.42
COMPILER_PATH=/usr/libexec/gcc/x86_64-linux-gnu/13/:/usr/libexec/gcc/x86_64-linux-gnu/13/:/usr/libexec/gcc/x86_64-linux-gnu/:/usr/lib/gcc/x86_64-linux-gnu/13/:/usr/lib/gcc/x86_64-linux-gnu/
LIBRARY_PATH=/usr/lib/gcc/x86_64-linux-gnu/13/:/usr/lib/gcc/x86_64-linux-gnu/13/../../../x86_64-linux-gnu/:/usr/lib/gcc/x86_64-linux-gnu/13/../../../../lib/:/lib/x86_64-linux-gnu/:/lib/../lib/:/usr/lib/x86_64-linux-gnu/:/usr/lib/../lib/:/usr/lib/gcc/x86_64-linux-gnu/13/../../../:/lib/:/usr/lib/
COLLECT_GCC_OPTIONS='-o' 'conftest' '-O3' '-fomit-frame-pointer' '-v' '-I' '/usr/lib/x86_64-linux-gnu/openmpi/include' '-I' '/usr/lib/x86_64-linux-gnu/openmpi/include/openmpi' '-L/usr/lib/x86_64-linux-gnu/openmpi/lib' '-mtune=generic' '-march=x86-64' '-dumpdir' 'conftest.'
 /usr/libexec/gcc/x86_64-linux-gnu/13/collect2 -plugin /usr/libexec/gcc/x86_64-linux-gnu/13/liblto_plugin.so -plugin-opt=/usr/libexec/gcc/x86_64-linux-gnu/13/lto-wrapper -plugin-opt=-fresolution=/tmp/ccJq1GFC.res -plugin-opt=-pass-through=-lgcc -plugin-opt=-pass-through=-lgcc_s -plugin-opt=-pass-through=-lc -plugin-opt=-pass-through=-lgcc -plugin-opt=-pass-through=-lgcc_s --build-id --eh-frame-hdr -m elf_x86_64 --hash-style=gnu --as-needed -dynamic-linker /lib64/ld-linux-x86-64.so.2 -pie -z now -z relro -o conftest /usr/lib/gcc/x86_64-linux-gnu/13/../../../x86_64-linux-gnu/Scrt1.o /usr/lib/gcc/x86_64-linux-gnu/13/../../../x86_64-linux-gnu/crti.o /usr/lib/gcc/x86_64-linux-gnu/13/crtbeginS.o -L/usr/lib/x86_64-linux-gnu/openmpi/lib -L/usr/lib/gcc/x86_64-linux-gnu/13 -L/usr/lib/gcc/x86_64-linux-gnu/13/../../../x86_64-linux-gnu -L/usr/lib/gcc/x86_64-linux-gnu/13/../../../../lib -L/lib/x86_64-linux-gnu -L/lib/../lib -L/usr/lib/x86_64-linux-gnu -L/usr/lib/../lib -L/usr/lib/gcc/x86_64-linux-gnu/13/../../.. /tmp/ccKJ6Pgj.o -lmpi -lgcc --push-state --as-needed -lgcc_s --pop-state -lc -lgcc --push-state --as-needed -lgcc_s --pop-state /usr/lib/gcc/x86_64-linux-gnu/13/crtendS.o /usr/lib/gcc/x86_64-linux-gnu/13/../../../x86_64-linux-gnu/crtn.o
COLLECT_GCC_OPTIONS='-o' 'conftest' '-O3' '-fomit-frame-pointer' '-v' '-I' '/usr/lib/x86_64-linux-gnu/openmpi/include' '-I' '/usr/lib/x86_64-linux-gnu/openmpi/include/openmpi' '-L/usr/lib/x86_64-linux-gnu/openmpi/lib' '-mtune=generic' '-march=x86-64' '-dumpdir' 'conftest.'
configure:5590: result: -v
configure:5592: checking for C libraries
configure:5620: mpicc -o conftest -O3 -fomit-frame-pointer  -v   conftest.c  >&5
Using built-in specs.
COLLECT_GCC=/usr/bin/gcc
COLLECT_LTO_WRAPPER=/usr/libexec/gcc/x86_64-linux-gnu/13/lto-wrapper
OFFLOAD_TARGET_NAMES=nvptx-none:amdgcn-amdhsa
OFFLOAD_TARGET_DEFAULT=1
Target: x86_64-linux-gnu
Configured with: ../src/configure -v --with-pkgversion='Ubuntu 13.3.0-6ubuntu2~24.04' --with-bugurl=file:///usr/share/doc/gcc-13/README.Bugs --enable-languages=c,ada,c++,go,d,fortran,objc,obj-c++,m2 --prefix=/usr --with-gcc-major-version-only --program-suffix=-13 --program-prefix=x86_64-linux-gnu- --enable-shared --enable-linker-build-id --libexecdir=/usr/libexec --without-included-gettext --enable-threads=posix --libdir=/usr/lib --enable-nls --enable-bootstrap --enable-clocale=gnu --enable-libstdcxx-debug --enable-libstdcxx-time=yes --with-default-libstdcxx-abi=new --enable-libstdcxx-backtrace --enable-gnu-unique-object --disable-vtable-verify --enable-plugin --enable-default-pie --with-system-zlib --enable-libphobos-checking=release --with-target-system-zlib=auto --enable-objc-gc=auto --enable-multiarch --disable-werror --enable-cet --with-arch-32=i686 --with-abi=m64 --with-multilib-list=m32,m64,mx32 --enable-multilib --with-tune=generic --enable-offload-targets=nvptx-none=/build/gcc-13-fG75Ri/gcc-13-13.3.0/debian/tmp-nvptx/usr,amdgcn-amdhsa=/build/gcc-13-fG75Ri/gcc-13-13.3.0/debian/tmp-gcn/usr --enable-offload-defaulted --without-cuda-driver --enable-checking=release --build=x86_64-linux-gnu --host=x86_64-linux-gnu --target=x86_64-linux-gnu --with-build-config=bootstrap-lto-lean --enable-link-serialization=2
Thread model: posix
Supported LTO compression algorithms: zlib zstd
gcc version 13.3.0 (Ubuntu 13.3.0-6ubuntu2~24.04) 
COLLECT_GCC_OPTIONS='-o' 'conftest' '-O3' '-fomit-frame-pointer' '-v' '-I' '/usr/lib/x86_64-linux-gnu/openmpi/include' '-I' '/usr/lib/x86_64-linux-gnu/openmpi/include/openmpi' '-L/usr/lib/x86_64-linux-gnu/openmpi/lib' '-mtune=generic' '-march=x86-64'
 /usr/libexec/gcc/x86_64-linux-gnu/13/cc1 -quiet -v -I /usr/lib/x86_64-linux-gnu/openmpi/include -I /usr/lib/x86_64-linux-gnu/openmpi/include/openmpi -imultiarch x86_64-linux-gnu conftest.c -D_FORTIFY_SOURCE=3 -quiet -dumpbase conftest.c -dumpbase-ext .c -mtune=generic -march=x86-64 -O3 -version -fomit-frame-pointer -fasynchronous-unwind-tables -fstack-protector-strong -Wformat -Wformat-security -fstack-clash-protection -fcf-protection -o /tmp/ccH2VO2O.s
GNU C17 (Ubuntu 13.3.0-6ubuntu2~24.04) version 13.3.0 (x86_64-linux-gnu)
	compiled by GNU C version 13.3.0, GMP version 6.3.0, MPFR version 4.2.1, MPC version 1.3.1, isl version isl-0.26-GMP

GGC heuristics: --param ggc-min-expand=100 --param ggc-min-heapsize=131072
ignoring nonexistent directory "/usr/local/include/x86_64-linux-gnu"
ignoring nonexistent directory "/usr/lib/gcc/x86_64-linux-gnu/13/include-fixed/x86_64-linux-gnu"
ignoring nonexistent directory "/usr/lib/gcc/x86_64-linux-gnu/13/include-fixed"
ignoring nonexistent directory "/usr/lib/gcc/x86_64-linux-gnu/13/../../../../x86_64-linux-gnu/include"
#include "..." search starts here:
#include <...> search starts here:
 /usr/lib/x86_64-linux-gnu/openmpi/include
 /usr/lib/x86_64-linux-gnu/openmpi/include/openmpi
 /usr/lib/gcc/x86_64-linux-gnu/13/include
 /usr/local/include
 /usr/include/x86_64-linux-gnu
 /usr/include
End of search list.
Compiler executable checksum: 38987c28e967c64056a6454abdef726e
COLLECT_GCC_OPTIONS='-o' 'conftest' '-O3' '-fomit-frame-pointer' '-v' '-I' '/usr/lib/x86_64-linux-gnu/openmpi/include' '-I' '/usr/lib/x86_64-linux-gnu/openmpi/include/openmpi' '-L/usr/lib/x86_64-linux-gnu/openmpi/lib' '-mtune=generic' '-march=x86-64'
 as -v -I /usr/lib/x86_64-linux-gnu/openmpi/include -I /usr/lib/x86_64-linux-gnu/openmpi/include/openmpi --64 -o /tmp/ccDQlHtb.o /tmp/ccH2VO2O.s
GNU assembler version 2.42 (x86_64-linux-gnu) using BFD version (GNU Binutils for Ubuntu) 2.42
COMPILER_PATH=/usr/libexec/gcc/x86_64-linux-gnu/13/:/usr/libexec/gcc/x86_64-linux-gnu/13/:/usr/libexec/gcc/x86_64-linux-gnu/:/usr/lib/gcc/x86_64-linux-gnu/13/:/usr/lib/gcc/x86_64-linux-gnu/
LIBRARY_PATH=/usr/lib/gcc/x86_64-linux-gnu/13/:/usr/lib/gcc/x86_64-linux-gnu/13/../../../x86_64-linux-gnu/:/usr/lib/gcc/x86_64-linux-gnu/13/../../../../lib/:/lib/x86_64-linux-gnu/:/lib/../lib/:/usr/lib/x86_64-linux-gnu/:/usr/lib/../lib/:/usr/lib/gcc/x86_64-linux-gnu/13/../../../:/lib/:/usr/lib/
COLLECT_GCC_OPTIONS='-o' 'conftest' '-O3' '-fomit-frame-pointer' '-v' '-I' '/usr/lib/x86_64-linux-gnu/openmpi/include' '-I' '/usr/lib/x86_64-linux-gnu/openmpi/include/openmpi' '-L/usr/lib/x86_64-linux-gnu/openmpi/lib' '-mtune=generic' '-march=x86-64' '-dumpdir' 'conftest.'
 /usr/libexec/gcc/x86_64-linux-gnu/13/collect2 -plugin /usr/libexec/gcc/x86_64-linux-gnu/13/liblto_plugin.so -plugin-opt=/usr/libexec/gcc/x86_64-linux-gnu/13/lto-wrapper -plugin-opt=-fresolution=/tmp/cc717CNf.res -plugin-opt=-pass-through=-lgcc -plugin-opt=-pass-through=-lgcc_s -plugin-opt=-pass-through=-lc -plugin-opt=-pass-through=-lgcc -plugin-opt=-pass-through=-lgcc_s --build-id --eh-frame-hdr -m elf_x86_64 --hash-style=gnu --as-needed -dynamic-linker /lib64/ld-linux-x86-64.so.2 -pie -z now -z relro -o conftest /usr/lib/gcc/x86_64-linux-gnu/13/../../../x86_64-linux-gnu/Scrt1.o /usr/lib/gcc/x86_64-linux-gnu/13/../../../x86_64-linux-gnu/crti.o /usr/lib/gcc/x86_64-linux-gnu/13/crtbeginS.o -L/usr/lib/x86_64-linux-gnu/openmpi/lib -L/usr/lib/gcc/x86_64-linux-gnu/13 -L/usr/lib/gcc/x86_64-linux-gnu/13/../../../x86_64-linux-gnu -L/usr/lib/gcc/x86_64-linux-gnu/13/../../../../lib -L/lib/x86_64-linux-gnu -L/lib/../lib -L/usr/lib/x86_64-linux-gnu -L/usr/lib/../lib -L/usr/lib/gcc/x86_64-linux-gnu/13/../../.. /tmp/ccDQlHtb.o -lmpi -lgcc --push-state --as-needed -lgcc_s --pop-state -lc -lgcc --push-state --as-needed -lgcc_s --pop-state /usr/lib/gcc/x86_64-linux-gnu/13/crtendS.o /usr/lib/gcc/x86_64-linux-gnu/13/../../../x86_64-linux-gnu/crtn.o
COLLECT_GCC_OPTIONS='-o' 'conftest' '-O3' '-fomit-frame-pointer' '-v' '-I' '/usr/lib/x86_64-linux-gnu/openmpi/include' '-I' '/usr/lib/x86_64-linux-gnu/openmpi/include/openmpi' '-L/usr/lib/x86_64-linux-gnu/openmpi/lib' '-mtune=generic' '-march=x86-64' '-dumpdir' 'conftest.'
configure:5778: result:  -L/usr/lib/x86_64-linux-gnu/openmpi/lib -L/usr/lib/gcc/x86_64-linux-gnu/13 -L/usr/lib/gcc/x86_64-linux-gnu/13/../../../x86_64-linux-gnu -L/usr/lib/gcc/x86_64-linux-gnu/13/../../../../lib -L/lib/x86_64-linux-gnu -L/lib/../lib -L/usr/lib/x86_64-linux-gnu -L/usr/lib/../lib -L/usr/lib/gcc/x86_64-linux-gnu/13/../../.. -lmpi -lgcc_s
configure:6417:  -c  conftest.F >&5
./configure: line 1807: -c: command not found
configure:6417: $? = 127
configure: failed program was:
|       program main
| 
| #if !(defined(__INTEL_COMPILER))
|       thisisanerror;
| #endif
| 
|       end
configure:6417:  -c  conftest.F >&5
./configure: line 1807: -c: command not found
configure:6417: $? = 127
configure: failed program was:
|       program main
| 
| #if !(defined(__IBMC__))
|       thisisanerror;
| #endif
| 
|       end
configure:6417:  -c  conftest.F >&5
./configure: line 1807: -c: command not found
configure:6417: $? = 127
configure: failed program was:
|       program main
| 
| #if !(defined(__GNUC__))
|       thisisanerror;
| #endif
| 
|       end
configure:6417:  -c  conftest.F >&5
./configure: line 1807: -c: command not found
configure:6417: $? = 127
configure: failed program was:
|       program main
| 
| #if !(defined(__SUNPRO_F77) || defined(__SUNPRO_F90) || defined(__SUNPRO_F95))
|       thisisanerror;
| #endif
| 
|       end
configure:6417:  -c  conftest.F >&5
./configure: line 1807: -c: command not found
configure:6417: $? = 127
configure: failed program was:
|       program main
| 
| #if !(defined(__PGI))
|       thisisanerror;
| #endif
| 
|       end
configure:6417:  -c  conftest.F >&5
./configure: line 1807: -c: command not found
configure:6417: $? = 127
configure: failed program was:
|       program main
| 
| #if !(defined(__PATHCC__) || defined(__PATHSCALE__))
|       thisisanerror;
| #endif
| 
|       end
configure:6423: checking for Fortran compiler vendor
configure:6425: result: 
configure:7466: checking for mpirun
configure:7487: found /usr/bin/mpirun
configure:7499: result: mpirun
configure:7612: checking for x87 FPU
configure:7615: result: yes
configure:7924: checking for stdio.h
configure:7924: mpicc -c -O3 -fomit-frame-pointer  -DUSE_MPI  conftest.c >&5
configure:7924: $? = 0
configure:7924: result: yes
configure:7924: checking for stdlib.h
configure:7924: mpicc -c -O3 -fomit-frame-pointer  -DUSE_MPI  conftest.c >&5
configure:7924: $? = 0
configure:7924: result: yes
configure:7924: checking for string.h
configure:7924: mpicc -c -O3 -fomit-frame-pointer  -DUSE_MPI  conftest.c >&5
configure:7924: $? = 0
configure:7924: result: yes
configure:7924: checking for inttypes.h
configure:7924: mpicc -c -O3 -fomit-frame-pointer  -DUSE_MPI  conftest.c >&5
configure:7924: $? = 0
configure:7924: result: yes
configure:7924: checking for stdint.h
configure:7924: mpicc -c -O3 -fomit-frame-pointer  -DUSE_MPI  conftest.c >&5
configure:7924: $? = 0
configure:7924: result: yes
configure:7924: checking for strings.h
configure:7924: mpicc -c -O3 -fomit-frame-pointer  -DUSE_MPI  conftest.c >&5
configure:7924: $? = 0
configure:7924: result: yes
configure:7924: checking for sys/stat.h
configure:7924: mpicc -c -O3 -fomit-frame-pointer  -DUSE_MPI  conftest.c >&5
configure:7924: $? = 0
configure:7924: result: yes
configure:7924: checking for sys/types.h
configure:7924: mpicc -c -O3 -fomit-frame-pointer  -DUSE_MPI  conftest.c >&5
configure:7924: $? = 0
configure:7924: result: yes
configure:7924: checking for unistd.h
configure:7924: mpicc -c -O3 -fomit-frame-pointer  -DUSE_MPI  conftest.c >&5
configure:7924: $? = 0
configure:7924: result: yes
configure:7949: checking for complex.h
configure:7949: mpicc -c -O3 -fomit-frame-pointer  -DUSE_MPI  conftest.c >&5
configure:7949: $? = 0
configure:7949: result: yes
configure:7975: checking for quadmath.h
configure:7975: mpicc -c -O3 -fomit-frame-pointer  -DUSE_MPI  conftest.c >&5
configure:7975: $? = 0
configure:7975: result: yes
configure:8001: checking size of int
configure:8007: mpicc -o conftest -O3 -fomit-frame-pointer  -DUSE_MPI   conftest.c  >&5
configure:8007: $? = 0
configure:8007: ./conftest
configure:8007: $? = 0
configure:8024: result: 4
configure:8044: checking size of long
configure:8050: mpicc -o conftest -O3 -fomit-frame-pointer  -DUSE_MPI   conftest.c  >&5
configure:8050: $? = 0
configure:8050: ./conftest
configure:8050: $? = 0
configure:8067: result: 8
configure:8087: checking size of long long
configure:8093: mpicc -o conftest -O3 -fomit-frame-pointer  -DUSE_MPI   conftest.c  >&5
configure:8093: $? = 0
configure:8093: ./conftest
configure:8093: $? = 0
configure:8110: result: 8
configure:8130: checking size of float
configure:8136: mpicc -o conftest -O3 -fomit-frame-pointer  -DUSE_MPI   conftest.c  >&5
configure:8136: $? = 0
configure:8136: ./conftest
configure:8136: $? = 0
configure:8153: result: 4
configure:8173: checking size of double
configure:8179: mpicc -o conftest -O3 -fomit-frame-pointer  -DUSE_MPI   conftest.c  >&5
configure:8179: $? = 0
configure:8179: ./conftest
configure:8179: $? = 0
configure:8196: result: 8
configure:8216: checking size of long double
configure:8222: mpicc -o conftest -O3 -fomit-frame-pointer  -DUSE_MPI   conftest.c  >&5
configure:8222: $? = 0
configure:8222: ./conftest
configure:8222: $? = 0
configure:8239: result: 16
configure:8260: checking size of __float128
configure:8266: mpicc -o conftest -O3 -fomit-frame-pointer  -DUSE_MPI   conftest.c  >&5
configure:8266: $? = 0
configure:8266: ./conftest
configure:8266: $? = 0
configure:8283: result: 16
configure:8304: checking size of size_t
configure:8310: mpicc -o conftest -O3 -fomit-frame-pointer  -DUSE_MPI   conftest.c  >&5
configure:8310: $? = 0
configure:8310: ./conftest
configure:8310: $? = 0
configure:8327: result: 8
configure:8347: checking size of void *
configure:8353: mpicc -o conftest -O3 -fomit-frame-pointer  -DUSE_MPI   conftest.c  >&5
configure:8353: $? = 0
configure:8353: ./conftest
configure:8353: $? = 0
configure:8370: result: 8
configure:8468: checking how to print strings
configure:8495: result: printf
configure:8516: checking for a sed that does not truncate output
configure:8588: result: /usr/bin/sed
configure:8606: checking for grep that handles long lines and -e
configure:8672: result: /usr/bin/grep
configure:8677: checking for egrep
configure:8747: result: /usr/bin/grep -E
configure:8754: checking for fgrep
configure:8824: result: /usr/bin/grep -F
configure:8861: checking for ld used by mpicc
configure:8930: result: /usr/bin/ld
configure:8937: checking if the linker (/usr/bin/ld) is GNU ld
configure:8954: result: yes
configure:8966: checking for BSD- or MS-compatible name lister (nm)
configure:9022: result: /usr/bin/nm -B
configure:9164: checking the name lister (/usr/bin/nm -B) interface
configure:9172: mpicc -c -O3 -fomit-frame-pointer  -DUSE_MPI  conftest.c >&5
configure:9175: /usr/bin/nm -B "conftest.o"
configure:9178: output
0000000000000000 B some_variable
configure:9186: result: BSD nm
configure:9189: checking whether ln -s works
configure:9193: result: yes
configure:9201: checking the maximum length of command line arguments
configure:9334: result: 1572864
configure:9382: checking how to convert x86_64-unknown-linux-gnu file names to x86_64-unknown-linux-gnu format
configure:9424: result: func_convert_file_noop
configure:9431: checking how to convert x86_64-unknown-linux-gnu file names to toolchain format
configure:9453: result: func_convert_file_noop
configure:9460: checking for /usr/bin/ld option to reload object files
configure:9469: result: -r
configure:9549: checking for objdump
configure:9570: found /usr/bin/objdump
configure:9582: result: objdump
configure:9614: checking how to recognize dependent libraries
configure:9816: result: pass_all
configure:9907: checking for dlltool
configure:9943: result: no
configure:9973: checking how to associate runtime and link libraries
configure:10002: result: printf %s\n
configure:10068: checking for ar
configure:10089: found /usr/bin/ar
configure:10101: result: ar
configure:10138: checking for archiver @FILE support
configure:10164: mpicc -c -O3 -fomit-frame-pointer  -DUSE_MPI  conftest.c >&5
configure:10164: $? = 0
configure:10168: ar cru libconftest.a @conftest.lst >&5
ar: `u' modifier ignored since `D' is the default (see `U')
configure:10171: $? = 0
configure:10176: ar cru libconftest.a @conftest.lst >&5
ar: `u' modifier ignored since `D' is the default (see `U')
ar: conftest.o: No such file or directory
configure:10179: $? = 1
configure:10192: result: @
configure:10256: checking for strip
configure:10277: found /usr/bin/strip
configure:10289: result: strip
configure:10367: checking for ranlib
configure:10388: found /usr/bin/ranlib
configure:10400: result: ranlib
configure:10502: checking command to parse /usr/bin/nm -B output from mpicc object
configure:10656: mpicc -c -O3 -fomit-frame-pointer  -DUSE_MPI  conftest.c >&5
configure:10659: $? = 0
configure:10663: /usr/bin/nm -B conftest.o \| sed -n -e 's/^.*[ ]\([ABCDGIRSTW][ABCDGIRSTW]*\)[ ][ ]*\([_A-Za-z][_A-Za-z0-9]*\)$/\1 \2 \2/p' | sed '/ __gnu_lto/d' \> conftest.nm
configure:10666: $? = 0
configure:10732: mpicc -o conftest -O3 -fomit-frame-pointer  -DUSE_MPI   conftest.c conftstm.o >&5
configure:10735: $? = 0
configure:10774: result: ok
configure:10821: checking for sysroot
configure:10853: result: no
configure:10860: checking for a working dd
configure:10905: result: /usr/bin/dd
configure:10909: checking how to truncate binary pipes
configure:10926: result: /usr/bin/dd bs=4096 count=1
configure:11063: mpicc -c -O3 -fomit-frame-pointer  -DUSE_MPI  conftest.c >&5
configure:11066: $? = 0
configure:11274: checking for mt
configure:11310: result: no
configure:11330: checking if : is a manifest tool
configure:11337: : '-?'
configure:11346: result: no
configure:12094: checking for dlfcn.h
configure:12094: mpicc -c -O3 -fomit-frame-pointer  -DUSE_MPI  conftest.c >&5
configure:12094: $? = 0
configure:12094: result: yes
configure:12338: checking for objdir
configure:12355: result: .libs
configure:12621: checking if mpicc supports -fno-rtti -fno-exceptions
configure:12640: mpicc -c -O3 -fomit-frame-pointer  -DUSE_MPI  -fno-rtti -fno-exceptions conftest.c >&5
cc1: warning: command-line option '-fno-rtti' is valid for C++/D/ObjC++ but not for C
configure:12644: $? = 0
configure:12658: result: no
configure:13027: checking for mpicc option to produce PIC
configure:13036: result: -fPIC -DPIC
configure:13044: checking if mpicc PIC flag -fPIC -DPIC works
configure:13063: mpicc -c -O3 -fomit-frame-pointer  -DUSE_MPI  -fPIC -DPIC -DPIC conftest.c >&5
configure:13067: $? = 0
configure:13081: result: yes
configure:13110: checking if mpicc static flag -static works
configure:13140: result: no
configure:13155: checking if mpicc supports -c -o file.o
configure:13177: mpicc -c -O3 -fomit-frame-pointer  -DUSE_MPI  -o out/conftest2.o conftest.c >&5
configure:13181: $? = 0
configure:13204: result: yes
configure:13212: checking if mpicc supports -c -o file.o
configure:13261: result: yes
configure:13294: checking whether the mpicc linker (/usr/bin/ld) supports shared libraries
configure:14581: result: yes
configure:14823: checking dynamic linker characteristics
configure:15413: mpicc -o conftest -O3 -fomit-frame-pointer  -DUSE_MPI   -Wl,-rpath -Wl,/foo conftest.c  >&5
configure:15413: $? = 0
configure:15653: result: GNU/Linux ld.so
configure:15775: checking how to hardcode library paths into programs
configure:15800: result: immediate
configure:16440: checking whether stripping libraries is possible
configure:16445: result: yes
configure:16480: checking if libtool supports shared libraries
configure:16482: result: yes
configure:16485: checking whether to build shared libraries
configure:16510: result: no
configure:16513: checking whether to build static libraries
configure:16517: result: yes
configure:22773: checking for egrep
configure:22843: result: /usr/bin/grep -E
configure:22851: checking for malloc.h
configure:22851: mpicc -c -O3 -fomit-frame-pointer  -DUSE_MPI  conftest.c >&5
configure:22851: $? = 0
configure:22851: result: yes
configure:22857: checking for stdlib.h
configure:22857: result: yes
configure:22863: checking for string.h
configure:22863: result: yes
configure:22869: checking for sys/time.h
configure:22869: mpicc -c -O3 -fomit-frame-pointer  -DUSE_MPI  conftest.c >&5
configure:22869: $? = 0
configure:22869: result: yes
configure:22880: checking for an ANSI C-conforming const
configure:22955: mpicc -c -O3 -fomit-frame-pointer  -DUSE_MPI  conftest.c >&5
configure:22955: $? = 0
configure:22965: result: yes
configure:22973: checking for size_t
configure:22973: mpicc -c -O3 -fomit-frame-pointer  -DUSE_MPI  conftest.c >&5
configure:22973: $? = 0
configure:22973: mpicc -c -O3 -fomit-frame-pointer  -DUSE_MPI  conftest.c >&5
conftest.c: In function 'main':
conftest.c:78:21: error: expected expression before ')' token
   78 | if (sizeof ((size_t)))
      |                     ^
configure:22973: $? = 1
configure: failed program was:
| /* confdefs.h */
| #define PACKAGE_NAME "lis"
| #define PACKAGE_TARNAME "lis"
| #define PACKAGE_VERSION "2.1.10"
| #define PACKAGE_STRING "lis 2.1.10"
| #define PACKAGE_BUGREPORT "devel@ssisc.org"
| #define PACKAGE_URL ""
| #define PACKAGE "lis"
| #define VERSION "2.1.10"
| #define HAS_X87_FPU 1
| #define HAVE_STDIO_H 1
| #define HAVE_STDLIB_H 1
| #define HAVE_STRING_H 1
| #define HAVE_INTTYPES_H 1
| #define HAVE_STDINT_H 1
| #define HAVE_STRINGS_H 1
| #define HAVE_SYS_STAT_H 1
| #define HAVE_SYS_TYPES_H 1
| #define HAVE_UNISTD_H 1
| #define STDC_HEADERS 1
| #define HAVE_COMPLEX_H 1
| #define HAVE_QUADMATH_H 1
| #define SIZEOF_INT 4
| #define SIZEOF_LONG 8
| #define SIZEOF_LONG_LONG 8
| #define SIZEOF_FLOAT 4
| #define SIZEOF_DOUBLE 8
| #define SIZEOF_LONG_DOUBLE 16
| #define SIZEOF___FLOAT128 16
| #define SIZEOF_SIZE_T 8
| #define SIZEOF_VOID_P 8
| #define HAVE_DLFCN_H 1
| #define LT_OBJDIR ".libs/"
| #define HAVE_MALLOC_H 1
| #define HAVE_STDLIB_H 1
| #define HAVE_STRING_H 1
| #define HAVE_SYS_TIME_H 1
| /* end confdefs.h.  */
| #include <stddef.h>
| #ifdef HAVE_STDIO_H
| # include <stdio.h>
| #endif
| #ifdef HAVE_STDLIB_H
| # include <stdlib.h>
| #endif
| #ifdef HAVE_STRING_H
| # include <string.h>
| #endif
| #ifdef HAVE_INTTYPES_H
| # include <inttypes.h>
| #endif
| #ifdef HAVE_STDINT_H
| # include <stdint.h>
| #endif
| #ifdef HAVE_STRINGS_H
| # include <strings.h>
| #endif
| #ifdef HAVE_SYS_TYPES_H
| # include <sys/types.h>
| #endif
| #ifdef HAVE_SYS_STAT_H
| # include <sys/stat.h>
| #endif
| #ifdef HAVE_UNISTD_H
| # include <unistd.h>
| #endif
| #ifdef F77_DUMMY_MAIN
| 
| #  ifdef __cplusplus
|      extern "C"
| #  endif
|    int F77_DUMMY_MAIN() { return 1; }
| 
| #endif
| int
| main (void)
| {
| if (sizeof ((size_t)))
| 	    return 0;
|   ;
|   return 0;
| }
configure:22973: result: yes
configure:23159: creating ./config.status

## ---------------------- ##
## Running config.status. ##
## ---------------------- ##

This file was extended by lis config.status 2.1.10, which was
generated by GNU Autoconf 2.72.  Invocation command line was

  CONFIG_FILES    = 
  CONFIG_HEADERS  = 
  CONFIG_LINKS    = 
  CONFIG_COMMANDS = 
  $ ./config.status 

on 2184f44eecf9

config.status:1265: creating Makefile
config.status:1265: creating src/Makefile
config.status:1265: creating src/vector/Makefile
config.status:1265: creating src/matrix/Makefile
config.status:1265: creating src/matvec/Makefile
config.status:1265: creating src/array/Makefile
config.status:1265: creating src/solver/Makefile
config.status:1265: creating src/esolver/Makefile
config.status:1265: creating src/precon/Makefile
config.status:1265: creating src/system/Makefile
config.status:1265: creating src/precision/Makefile
config.status:1265: creating src/fortran/Makefile
config.status:1265: creating src/fortran/amg/Makefile
config.status:1265: creating include/Makefile
config.status:1265: creating test/Makefile
config.status:1265: creating include/lisf.h
config.status:1265: creating include/lis_config.h
config.status:1446: include/lis_config.h is unchanged
config.status:1494: executing depfiles commands
config.status:1494: executing libtool commands

## ---------------- ##
## Cache variables. ##
## ---------------- ##

ac_cv_build=x86_64-unknown-linux-gnu
ac_cv_c_compiler_gnu=yes
ac_cv_c_const=yes
ac_cv_c_libs=' -L/usr/lib/x86_64-linux-gnu/openmpi/lib -L/usr/lib/gcc/x86_64-linux-gnu/13 -L/usr/lib/gcc/x86_64-linux-gnu/13/../../../x86_64-linux-gnu -L/usr/lib/gcc/x86_64-linux-gnu/13/../../../../lib -L/lib/x86_64-linux-gnu -L/lib/../lib -L/usr/lib/x86_64-linux-gnu -L/usr/lib/../lib -L/usr/lib/gcc/x86_64-linux-gnu/13/../../.. -lmpi -lgcc_s'
ac_cv_env_CC_set=
ac_cv_env_CC_value=
ac_cv_env_CFLAGS_set=
ac_cv_env_CFLAGS_value=
ac_cv_env_CPPFLAGS_set=
ac_cv_env_CPPFLAGS_value=
ac_cv_env_F77_set=
ac_cv_env_F77_value=
ac_cv_env_FCFLAGS_set=
ac_cv_env_FCFLAGS_value=
ac_cv_env_FC_set=
ac_cv_env_FC_value=
ac_cv_env_FFLAGS_set=
ac_cv_env_FFLAGS_value=
ac_cv_env_LDFLAGS_set=
ac_cv_env_LDFLAGS_value=
ac_cv_env_LIBS_set=
ac_cv_env_LIBS_value=
ac_cv_env_LT_SYS_LIBRARY_PATH_set=
ac_cv_env_LT_SYS_LIBRARY_PATH_value=
ac_cv_env_MPFLAG_set=
ac_cv_env_MPFLAG_value=
ac_cv_env_MPICC_set=
ac_cv_env_MPICC_value=
ac_cv_env_MPIF77_set=
ac_cv_env_MPIF77_value=
ac_cv_env_MPIRUN_set=
ac_cv_env_MPIRUN_value=
ac_cv_env_OMPFLAG_set=
ac_cv_env_OMPFLAG_value=
ac_cv_env_TARGET_set=
ac_cv_env_TARGET_value=
ac_cv_env_build_alias_set=
ac_cv_env_build_alias_value=
ac_cv_env_host_alias_set=
ac_cv_env_host_alias_value=
ac_cv_env_target_alias_set=
ac_cv_env_target_alias_value=
ac_cv_func_MPI_Init=yes
ac_cv_header_complex_h=yes
ac_cv_header_dlfcn_h=yes
ac_cv_header_inttypes_h=yes
ac_cv_header_malloc_h=yes
ac_cv_header_quadmath_h=yes
ac_cv_header_stdint_h=yes
ac_cv_header_stdio_h=yes
ac_cv_header_stdlib_h=yes
ac_cv_header_string_h=yes
ac_cv_header_strings_h=yes
ac_cv_header_sys_stat_h=yes
ac_cv_header_sys_time_h=yes
ac_cv_header_sys_types_h=yes
ac_cv_header_unistd_h=yes
ac_cv_host=x86_64-unknown-linux-gnu
ac_cv_objext=o
ac_cv_path_EGREP='/usr/bin/grep -E'
ac_cv_path_EGREP_TRADITIONAL='/usr/bin/grep -E'
ac_cv_path_FGREP='/usr/bin/grep -F'
ac_cv_path_GREP=/usr/bin/grep
ac_cv_path_SED=/usr/bin/sed
ac_cv_path_install='/usr/bin/install -c'
ac_cv_path_lt_DD=/usr/bin/dd
ac_cv_path_mkdir=/usr/bin/mkdir
ac_cv_prog_AWK=mawk
ac_cv_prog_MPICC=mpicc
ac_cv_prog_MPIRUN=mpirun
ac_cv_prog_ac_ct_AR=ar
ac_cv_prog_ac_ct_CC=cc
ac_cv_prog_ac_ct_OBJDUMP=objdump
ac_cv_prog_ac_ct_RANLIB=ranlib
ac_cv_prog_ac_ct_STRIP=strip
ac_cv_prog_c_v=-v
ac_cv_prog_cc_c11=
ac_cv_prog_cc_g=yes
ac_cv_prog_cc_stdc=
ac_cv_prog_make_make_set=yes
ac_cv_sizeof___float128=16
ac_cv_sizeof_double=8
ac_cv_sizeof_float=4
ac_cv_sizeof_int=4
ac_cv_sizeof_long=8
ac_cv_sizeof_long_double=16
ac_cv_sizeof_long_long=8
ac_cv_sizeof_size_t=8
ac_cv_sizeof_void_p=8
ac_cv_target=x86_64-unknown-linux-gnu
ac_cv_type_size_t=yes
am_cv_CC_dependencies_compiler_type=none
ax_cv_c_compiler_vendor=gnu
lt_cv_ar_at_file=@
lt_cv_deplibs_check_method=pass_all
lt_cv_file_magic_cmd='$MAGIC_CMD'
lt_cv_file_magic_test_file=
lt_cv_ld_reload_flag=-r
lt_cv_nm_interface='BSD nm'
lt_cv_objdir=.libs
lt_cv_path_LD=/usr/bin/ld
lt_cv_path_NM='/usr/bin/nm -B'
lt_cv_path_mainfest_tool=no
lt_cv_prog_compiler_c_o=yes
lt_cv_prog_compiler_pic='-fPIC -DPIC'
lt_cv_prog_compiler_pic_works=yes
lt_cv_prog_compiler_rtti_exceptions=no
lt_cv_prog_compiler_static_works=no
lt_cv_prog_gnu_ld=yes
lt_cv_sharedlib_from_linklib_cmd='printf %s\n'
lt_cv_shlibpath_overrides_runpath=yes
lt_cv_sys_global_symbol_pipe='sed -n -e '\''s/^.*[	 ]\([ABCDGIRSTW][ABCDGIRSTW]*\)[	 ][	 ]*\([_A-Za-z][_A-Za-z0-9]*\)$/\1 \2 \2/p'\'' | sed '\''/ __gnu_lto/d'\'''
lt_cv_sys_global_symbol_to_c_name_address='sed -n -e '\''s/^: \(.*\) .*$/  {"\1", (void *) 0},/p'\'' -e '\''s/^[ABCDGIRSTW][ABCDGIRSTW]* .* \(.*\)$/  {"\1", (void *) \&\1},/p'\'''
lt_cv_sys_global_symbol_to_c_name_address_lib_prefix='sed -n -e '\''s/^: \(.*\) .*$/  {"\1", (void *) 0},/p'\'' -e '\''s/^[ABCDGIRSTW][ABCDGIRSTW]* .* \(lib.*\)$/  {"\1", (void *) \&\1},/p'\'' -e '\''s/^[ABCDGIRSTW][ABCDGIRSTW]* .* \(.*\)$/  {"lib\1", (void *) \&\1},/p'\'''
lt_cv_sys_global_symbol_to_cdecl='sed -n -e '\''s/^T .* \(.*\)$/extern int \1();/p'\'' -e '\''s/^[ABCDGIRSTW][ABCDGIRSTW]* .* \(.*\)$/extern char \1;/p'\'''
lt_cv_sys_global_symbol_to_import=
lt_cv_sys_max_cmd_len=1572864
lt_cv_to_host_file_cmd=func_convert_file_noop
lt_cv_to_tool_file_cmd=func_convert_file_noop
lt_cv_truncate_bin='/usr/bin/dd bs=4096 count=1'

## ----------------- ##
## Output variables. ##
## ----------------- ##

ACLOCAL='${SHELL} /Desktop/Comp_Env/NLA/SpectralClusteringGraph/lis-2.1.10/config/missing --run aclocal-1.11'
AMDEFS=''
AMDEPBACKSLASH=''
AMDEP_FALSE=''
AMDEP_TRUE='#'
AMTAR='$${TAR-tar}'
AR='ar'
AUTOCONF='${SHELL} /Desktop/Comp_Env/NLA/SpectralClusteringGraph/lis-2.1.10/config/missing --run autoconf'
AUTOHEADER='${SHELL} /Desktop/Comp_Env/NLA/SpectralClusteringGraph/lis-2.1.10/config/missing --run autoheader'
AUTOMAKE='${SHELL} /Desktop/Comp_Env/NLA/SpectralClusteringGraph/lis-2.1.10/config/missing --run automake-1.11'
AWK='mawk'
CC='mpicc'
CCDEPMODE='depmode=none'
CFLAGS='-O3 -fomit-frame-pointer  -DUSE_MPI'
CLIBS=' -L/usr/lib/x86_64-linux-gnu/openmpi/lib -L/usr/lib/gcc/x86_64-linux-gnu/13 -L/usr/lib/gcc/x86_64-linux-gnu/13/../../../x86_64-linux-gnu -L/usr/lib/gcc/x86_64-linux-gnu/13/../../../../lib -L/lib/x86_64-linux-gnu -L/lib/../lib -L/usr/lib/x86_64-linux-gnu -L/usr/lib/../lib -L/usr/lib/gcc/x86_64-linux-gnu/13/../../.. -lmpi -lgcc_s'
CPPFLAGS=''
CYGPATH_W='echo'
DEFS='-DHAVE_CONFIG_H'
DEPDIR='.deps'
DISABLE_TEST_FALSE=''
DISABLE_TEST_TRUE='#'
DLLTOOL='false'
DSYMUTIL=''
DUMPBIN=''
ECHO_C=''
ECHO_N='-n'
ECHO_T=''
EGREP='/usr/bin/grep -E'
ENABLE_F90_FALSE=''
ENABLE_F90_TRUE='#'
ENABLE_FORTRAN_FALSE=''
ENABLE_FORTRAN_TRUE='#'
ENABLE_MPI_FALSE='#'
ENABLE_MPI_TRUE=''
ENABLE_OMP_FALSE=''
ENABLE_OMP_TRUE='#'
ENABLE_QUAD_FALSE=''
ENABLE_QUAD_TRUE='#'
ENABLE_SAAMG_FALSE=''
ENABLE_SAAMG_TRUE='#'
ENABLE_SSE2_FALSE='#'
ENABLE_SSE2_TRUE=''
EXEEXT=''
F77=''
FC=''
FCFLAGS=' -DUSE_MPI'
FCLDFLAGS=''
FFLAGS=' -DUSE_MPI'
FGREP='/usr/bin/grep -F'
FLIBS=''
GREP='/usr/bin/grep'
INSTALL_DATA='${INSTALL} -m 644'
INSTALL_PROGRAM='${INSTALL}'
INSTALL_SCRIPT='${INSTALL}'
INSTALL_STRIP_PROGRAM='$(install_sh) -c -s'
LD='/usr/bin/ld'
LDFLAGS=''
LIBOBJS=''
LIBS='-lm '
LIBSUFFIX=''
LIBTOOL='$(SHELL) $(top_builddir)/libtool'
LIPO=''
LN_S='ln -s'
LTLIBOBJS=''
LT_SYS_LIBRARY_PATH=''
MAINT='#'
MAINTAINER_MODE_FALSE=''
MAINTAINER_MODE_TRUE='#'
MAKEINFO='${SHELL} /Desktop/Comp_Env/NLA/SpectralClusteringGraph/lis-2.1.10/config/missing --run makeinfo'
MANIFEST_TOOL=':'
MKDIR_P='/usr/bin/mkdir -p'
MPFLAG=''
MPICC='mpicc'
MPIF77=''
MPIFC=''
MPINP='-np'
MPIRUN='mpirun'
NM='/usr/bin/nm -B'
NMEDIT=''
OBJDUMP='objdump'
OBJEXT='o'
OMPFLAG=''
OTOOL64=''
OTOOL=''
PACKAGE='lis'
PACKAGE_BUGREPORT='devel@ssisc.org'
PACKAGE_NAME='lis'
PACKAGE_STRING='lis 2.1.10'
PACKAGE_TARNAME='lis'
PACKAGE_URL=''
PACKAGE_VERSION='2.1.10'
PATH_SEPARATOR=':'
RANLIB='ranlib'
SED='/usr/bin/sed'
SET_MAKE=''
SHELL='/bin/bash'
SIZEOF_VOID_P='8'
STRIP='strip'
TARGET=''
VERSION='2.1.10'
ac_ct_AR='ar'
ac_ct_CC='cc'
ac_ct_DUMPBIN=''
ac_ct_F77=''
ac_ct_FC=''
am__EXEEXT_FALSE=''
am__EXEEXT_TRUE='#'
am__fastdepCC_FALSE=''
am__fastdepCC_TRUE='#'
am__include='include'
am__isrc=''
am__leading_dot='.'
am__nodep=''
am__quote=''
am__tar='$${TAR-tar} chof - "$$tardir"'
am__untar='$${TAR-tar} xf -'
bindir='${exec_prefix}/bin'
build='x86_64-unknown-linux-gnu'
build_alias=''
build_cpu='x86_64'
build_os='linux-gnu'
build_vendor='unknown'
datadir='${datarootdir}'
datarootdir='${prefix}/share'
docdir='${datarootdir}/doc/${PACKAGE_TARNAME}'
dvidir='${docdir}'
enable_complex='no'
enable_f90='no'
enable_fortran='no'
enable_longdouble='no'
enable_mpi='yes'
enable_omp='no'
enable_quad='no'
enable_saamg='no'
exec_prefix='${prefix}'
host='x86_64-unknown-linux-gnu'
host_alias=''
host_cpu='x86_64'
host_os='linux-gnu'
host_vendor='unknown'
htmldir='${docdir}'
includedir='${prefix}/include'
infodir='${datarootdir}/info'
install_sh='${SHELL} /Desktop/Comp_Env/NLA/SpectralClusteringGraph/lis-2.1.10/config/install-sh'
libdir='${exec_prefix}/lib'
libexecdir='${exec_prefix}/libexec'
localedir='${datarootdir}/locale'
localstatedir='${prefix}/var'
mandir='${datarootdir}/man'
mkdir_p='/usr/bin/mkdir -p'
oldincludedir='/usr/include'
pdfdir='${docdir}'
prefix='/usr/local'
program_transform_name='s,x,x,'
psdir='${docdir}'
runstatedir='${localstatedir}/run'
sbindir='${exec_prefix}/sbin'
sharedstatedir='${prefix}/com'
sysconfdir='${prefix}/etc'
target='x86_64-unknown-linux-gnu'
target_alias=''
target_cpu='x86_64'
target_os='linux-gnu'
target_vendor='unknown'

## ----------- ##
## confdefs.h. ##
## ----------- ##

/* confdefs.h */
#define PACKAGE_NAME "lis"
#define PACKAGE_TARNAME "lis"
#define PACKAGE_VERSION "2.1.10"
#define PACKAGE_STRING "lis 2.1.10"
#define PACKAGE_BUGREPORT "devel@ssisc.org"
#define PACKAGE_URL ""
#define PACKAGE "lis"
#define VERSION "2.1.10"
#define HAS_X87_FPU 1
#define HAVE_STDIO_H 1
#define HAVE_STDLIB_H 1
#define HAVE_STRING_H 1
#define HAVE_INTTYPES_H 1
#define HAVE_STDINT_H 1
#define HAVE_STRINGS_H 1
#define HAVE_SYS_STAT_H 1
#define HAVE_SYS_TYPES_H 1
#define HAVE_UNISTD_H 1
#define STDC_HEADERS 1
#define HAVE_COMPLEX_H 1
#define HAVE_QUADMATH_H 1
#define SIZEOF_INT 4
#define SIZEOF_LONG 8
#define SIZEOF_LONG_LONG 8
#define SIZEOF_FLOAT 4
#define SIZEOF_DOUBLE 8
#define SIZEOF_LONG_DOUBLE 16
#define SIZEOF___FLOAT128 16
#define SIZEOF_SIZE_T 8
#define SIZEOF_VOID_P 8
#define HAVE_DLFCN_H 1
#define LT_OBJDIR ".libs/"
#define HAVE_MALLOC_H 1
#define HAVE_STDLIB_H 1
#define HAVE_STRING_H 1
#define HAVE_SYS_TIME_H 1

configure: exit 0
